# JRE version: Java(TM) SE Runtime Environment (7.0_51-b13) (build 1.7.0_51-b13)
# Java VM: Java HotSpot(TM) 64-Bit Server VM (24.51-b03 mixed mode linux-amd64 compressed oops)
Heap
 PSYoungGen      total 67072K, used 5614K [0x00000000ed200000, 0x00000000f1900000, 0x0000000100000000)
  eden space 61440K, 0% used [0x00000000ed200000,0x00000000ed200000,0x00000000f0e00000)
  from space 5632K, 99% used [0x00000000f0e00000,0x00000000f137b990,0x00000000f1380000)
  to   space 5632K, 0% used [0x00000000f1380000,0x00000000f1380000,0x00000000f1900000)
 ParOldGen       total 38400K, used 12993K [0x00000000c7600000, 0x00000000c9b80000, 0x00000000ed200000)
  object space 38400K, 33% used [0x00000000c7600000,0x00000000c82b06a8,0x00000000c9b80000)
 PSPermGen       total 21504K, used 21202K [0x00000000c2400000, 0x00000000c3900000, 0x00000000c7600000)
  object space 21504K, 98% used [0x00000000c2400000,0x00000000c38b4a60,0x00000000c3900000)
GC Heap History (10 events):
Event: 0,879 GC heap after
Heap after GC invocations=2 (full 0):
 PSYoungGen      total 17408K, used 2029K [0x00000000ed200000, 0x00000000ef400000, 0x0000000100000000)
  eden space 15360K, 0% used [0x00000000ed200000,0x00000000ed200000,0x00000000ee100000)
  from space 2048K, 99% used [0x00000000ee300000,0x00000000ee4fb4a0,0x00000000ee500000)
  to   space 2048K, 0% used [0x00000000ee100000,0x00000000ee100000,0x00000000ee300000)
 ParOldGen       total 38400K, used 1371K [0x00000000c7600000, 0x00000000c9b80000, 0x00000000ed200000)
  object space 38400K, 3% used [0x00000000c7600000,0x00000000c7756e28,0x00000000c9b80000)
 PSPermGen       total 21504K, used 7490K [0x00000000c2400000, 0x00000000c3900000, 0x00000000c7600000)
  object space 21504K, 34% used [0x00000000c2400000,0x00000000c2b50a60,0x00000000c3900000)
}
Event: 1,159 GC heap before
{Heap before GC invocations=3 (full 0):
 PSYoungGen      total 17408K, used 17389K [0x00000000ed200000, 0x00000000ef400000, 0x0000000100000000)
  eden space 15360K, 100% used [0x00000000ed200000,0x00000000ee100000,0x00000000ee100000)
  from space 2048K, 99% used [0x00000000ee300000,0x00000000ee4fb4a0,0x00000000ee500000)
  to   space 2048K, 0% used [0x00000000ee100000,0x00000000ee100000,0x00000000ee300000)
 ParOldGen       total 38400K, used 1371K [0x00000000c7600000, 0x00000000c9b80000, 0x00000000ed200000)
  object space 38400K, 3% used [0x00000000c7600000,0x00000000c7756e28,0x00000000c9b80000)
 PSPermGen       total 21504K, used 9512K [0x00000000c2400000, 0x00000000c3900000, 0x00000000c7600000)
  object space 21504K, 44% used [0x00000000c2400000,0x00000000c2d4a1a8,0x00000000c3900000)
Event: 1,163 GC heap after
Heap after GC invocations=3 (full 0):
 PSYoungGen      total 17408K, used 2016K [0x00000000ed200000, 0x00000000ef400000, 0x0000000100000000)
  eden space 15360K, 0% used [0x00000000ed200000,0x00000000ed200000,0x00000000ee100000)
  from space 2048K, 98% used [0x00000000ee100000,0x00000000ee2f8020,0x00000000ee300000)
  to   space 2048K, 0% used [0x00000000ef200000,0x00000000ef200000,0x00000000ef400000)
 ParOldGen       total 38400K, used 2855K [0x00000000c7600000, 0x00000000c9b80000, 0x00000000ed200000)
  object space 38400K, 7% used [0x00000000c7600000,0x00000000c78c9d10,0x00000000c9b80000)
 PSPermGen       total 21504K, used 9512K [0x00000000c2400000, 0x00000000c3900000, 0x00000000c7600000)
  object space 21504K, 44% used [0x00000000c2400000,0x00000000c2d4a1a8,0x00000000c3900000)
}
Event: 1,403 GC heap before
{Heap before GC invocations=4 (full 0):
 PSYoungGen      total 17408K, used 17376K [0x00000000ed200000, 0x00000000ef400000, 0x0000000100000000)
  eden space 15360K, 100% used [0x00000000ed200000,0x00000000ee100000,0x00000000ee100000)
  from space 2048K, 98% used [0x00000000ee100000,0x00000000ee2f8020,0x00000000ee300000)
  to   space 2048K, 0% used [0x00000000ef200000,0x00000000ef200000,0x00000000ef400000)
 ParOldGen       total 38400K, used 2855K [0x00000000c7600000, 0x00000000c9b80000, 0x00000000ed200000)
  object space 38400K, 7% used [0x00000000c7600000,0x00000000c78c9d10,0x00000000c9b80000)
 PSPermGen       total 21504K, used 10838K [0x00000000c2400000, 0x00000000c3900000, 0x00000000c7600000)
  object space 21504K, 50% used [0x00000000c2400000,0x00000000c2e95a70,0x00000000c3900000)
Event: 1,408 GC heap after
Heap after GC invocations=4 (full 0):
 PSYoungGen      total 32768K, used 2016K [0x00000000ed200000, 0x00000000ef400000, 0x0000000100000000)
  eden space 30720K, 0% used [0x00000000ed200000,0x00000000ed200000,0x00000000ef000000)
  from space 2048K, 98% used [0x00000000ef200000,0x00000000ef3f8020,0x00000000ef400000)
  to   space 2048K, 0% used [0x00000000ef000000,0x00000000ef000000,0x00000000ef200000)
 ParOldGen       total 38400K, used 4148K [0x00000000c7600000, 0x00000000c9b80000, 0x00000000ed200000)
  object space 38400K, 10% used [0x00000000c7600000,0x00000000c7a0d228,0x00000000c9b80000)
 PSPermGen       total 21504K, used 10838K [0x00000000c2400000, 0x00000000c3900000, 0x00000000c7600000)
  object space 21504K, 50% used [0x00000000c2400000,0x00000000c2e95a70,0x00000000c3900000)
}
Event: 2,258 GC heap before
{Heap before GC invocations=5 (full 0):
 PSYoungGen      total 32768K, used 32736K [0x00000000ed200000, 0x00000000ef400000, 0x0000000100000000)
  eden space 30720K, 100% used [0x00000000ed200000,0x00000000ef000000,0x00000000ef000000)
  from space 2048K, 98% used [0x00000000ef200000,0x00000000ef3f8020,0x00000000ef400000)
  to   space 2048K, 0% used [0x00000000ef000000,0x00000000ef000000,0x00000000ef200000)
 ParOldGen       total 38400K, used 4148K [0x00000000c7600000, 0x00000000c9b80000, 0x00000000ed200000)
  object space 38400K, 10% used [0x00000000c7600000,0x00000000c7a0d228,0x00000000c9b80000)
 PSPermGen       total 21504K, used 13624K [0x00000000c2400000, 0x00000000c3900000, 0x00000000c7600000)
  object space 21504K, 63% used [0x00000000c2400000,0x00000000c314e078,0x00000000c3900000)
Event: 2,270 GC heap after
Heap after GC invocations=5 (full 0):
 PSYoungGen      total 32768K, used 2048K [0x00000000ed200000, 0x00000000f1900000, 0x0000000100000000)
  eden space 30720K, 0% used [0x00000000ed200000,0x00000000ed200000,0x00000000ef000000)
  from space 2048K, 100% used [0x00000000ef000000,0x00000000ef200000,0x00000000ef200000)
  to   space 5632K, 0% used [0x00000000f1380000,0x00000000f1380000,0x00000000f1900000)
 ParOldGen       total 38400K, used 7691K [0x00000000c7600000, 0x00000000c9b80000, 0x00000000ed200000)
  object space 38400K, 20% used [0x00000000c7600000,0x00000000c7d82f70,0x00000000c9b80000)
 PSPermGen       total 21504K, used 13624K [0x00000000c2400000, 0x00000000c3900000, 0x00000000c7600000)
  object space 21504K, 63% used [0x00000000c2400000,0x00000000c314e078,0x00000000c3900000)
}
Event: 2,997 GC heap before
{Heap before GC invocations=6 (full 0):
 PSYoungGen      total 32768K, used 32768K [0x00000000ed200000, 0x00000000f1900000, 0x0000000100000000)
  eden space 30720K, 100% used [0x00000000ed200000,0x00000000ef000000,0x00000000ef000000)
  from space 2048K, 100% used [0x00000000ef000000,0x00000000ef200000,0x00000000ef200000)
  to   space 5632K, 0% used [0x00000000f1380000,0x00000000f1380000,0x00000000f1900000)
 ParOldGen       total 38400K, used 7691K [0x00000000c7600000, 0x00000000c9b80000, 0x00000000ed200000)
  object space 38400K, 20% used [0x00000000c7600000,0x00000000c7d82f70,0x00000000c9b80000)
 PSPermGen       total 21504K, used 14156K [0x00000000c2400000, 0x00000000c3900000, 0x00000000c7600000)
  object space 21504K, 65% used [0x00000000c2400000,0x00000000c31d30a0,0x00000000c3900000)
Event: 3,008 GC heap after
Heap after GC invocations=6 (full 0):
 PSYoungGen      total 67072K, used 3845K [0x00000000ed200000, 0x00000000f1900000, 0x0000000100000000)
  eden space 61440K, 0% used [0x00000000ed200000,0x00000000ed200000,0x00000000f0e00000)
  from space 5632K, 68% used [0x00000000f1380000,0x00000000f1741630,0x00000000f1900000)
  to   space 5632K, 0% used [0x00000000f0e00000,0x00000000f0e00000,0x00000000f1380000)
 ParOldGen       total 38400K, used 7691K [0x00000000c7600000, 0x00000000c9b80000, 0x00000000ed200000)
  object space 38400K, 20% used [0x00000000c7600000,0x00000000c7d82f70,0x00000000c9b80000)
 PSPermGen       total 21504K, used 14156K [0x00000000c2400000, 0x00000000c3900000, 0x00000000c7600000)
  object space 21504K, 65% used [0x00000000c2400000,0x00000000c31d30a0,0x00000000c3900000)
}
Event: 4,860 GC heap before
{Heap before GC invocations=7 (full 0):
 PSYoungGen      total 67072K, used 65285K [0x00000000ed200000, 0x00000000f1900000, 0x0000000100000000)
  eden space 61440K, 100% used [0x00000000ed200000,0x00000000f0e00000,0x00000000f0e00000)
  from space 5632K, 68% used [0x00000000f1380000,0x00000000f1741630,0x00000000f1900000)
  to   space 5632K, 0% used [0x00000000f0e00000,0x00000000f0e00000,0x00000000f1380000)
 ParOldGen       total 38400K, used 7691K [0x00000000c7600000, 0x00000000c9b80000, 0x00000000ed200000)
  object space 38400K, 20% used [0x00000000c7600000,0x00000000c7d82f70,0x00000000c9b80000)
 PSPermGen       total 21504K, used 21202K [0x00000000c2400000, 0x00000000c3900000, 0x00000000c7600000)
  object space 21504K, 98% used [0x00000000c2400000,0x00000000c38b4a60,0x00000000c3900000)

